2022-01-03 16:09:15,639 [main] INFO  ua.edu.sumdu.j2se.zuliukov.tasks.Main.main(Main.java:22): Type help to see available commands
2022-01-03 16:09:23,644 [main] DEBUG ua.edu.sumdu.j2se.zuliukov.tasks.ConsoleAPI.inputLine(ConsoleAPI.java:148): help
2022-01-03 16:09:23,644 [main] INFO  ua.edu.sumdu.j2se.zuliukov.tasks.ConsoleAPI.help(ConsoleAPI.java:66): edit - enter task editor where you can view and edit current tasks
2022-01-03 16:09:23,644 [main] INFO  ua.edu.sumdu.j2se.zuliukov.tasks.ConsoleAPI.help(ConsoleAPI.java:67): calendar - show calendar for the specified time period
2022-01-03 16:09:23,644 [main] INFO  ua.edu.sumdu.j2se.zuliukov.tasks.ConsoleAPI.help(ConsoleAPI.java:68): remind - show next task in today's schedule
2022-01-03 16:09:23,644 [main] INFO  ua.edu.sumdu.j2se.zuliukov.tasks.ConsoleAPI.help(ConsoleAPI.java:69): save - save current tasks to the binary file(for next use) named db
2022-01-03 16:09:23,644 [main] INFO  ua.edu.sumdu.j2se.zuliukov.tasks.ConsoleAPI.help(ConsoleAPI.java:70): snap - save current tasks to the json file(for reading) named snap.json
2022-01-03 16:09:23,644 [main] INFO  ua.edu.sumdu.j2se.zuliukov.tasks.ConsoleAPI.help(ConsoleAPI.java:71): exit - save to db and quit
2022-01-03 16:09:27,620 [main] DEBUG ua.edu.sumdu.j2se.zuliukov.tasks.ConsoleAPI.inputLine(ConsoleAPI.java:148): edit
2022-01-03 16:09:27,620 [main] INFO  ua.edu.sumdu.j2se.zuliukov.tasks.ConsoleAPI.editTasks(ConsoleAPI.java:75): Type home to exit task editor
2022-01-03 16:09:27,621 [main] INFO  ua.edu.sumdu.j2se.zuliukov.tasks.ConsoleAPI.editTasks(ConsoleAPI.java:77): Available options: view, create, change, delete
2022-01-03 16:09:29,870 [main] DEBUG ua.edu.sumdu.j2se.zuliukov.tasks.ConsoleAPI.inputLine(ConsoleAPI.java:148): view
2022-01-03 16:09:29,870 [main] INFO  ua.edu.sumdu.j2se.zuliukov.tasks.ConsoleAPI.printTasks(ConsoleAPI.java:221): [0] Test 2022-01-01T00:00 2022-01-13T23:59:59 60 active
2022-01-03 16:09:29,870 [main] INFO  ua.edu.sumdu.j2se.zuliukov.tasks.ConsoleAPI.editTasks(ConsoleAPI.java:77): Available options: view, create, change, delete
2022-01-03 16:09:34,115 [main] DEBUG ua.edu.sumdu.j2se.zuliukov.tasks.ConsoleAPI.inputLine(ConsoleAPI.java:148): change
2022-01-03 16:09:34,115 [main] INFO  ua.edu.sumdu.j2se.zuliukov.tasks.ConsoleAPI.printTasks(ConsoleAPI.java:221): [0] Test 2022-01-01T00:00 2022-01-13T23:59:59 60 active
2022-01-03 16:09:34,115 [main] INFO  ua.edu.sumdu.j2se.zuliukov.tasks.ConsoleAPI.changeTask(ConsoleAPI.java:171): Enter index
2022-01-03 16:09:36,793 [main] DEBUG ua.edu.sumdu.j2se.zuliukov.tasks.ConsoleAPI.inputLine(ConsoleAPI.java:148): 0
2022-01-03 16:09:36,793 [main] INFO  ua.edu.sumdu.j2se.zuliukov.tasks.ConsoleAPI.changeTask(ConsoleAPI.java:173): Enter what to change(title/time/activity)
2022-01-03 16:09:42,408 [main] DEBUG ua.edu.sumdu.j2se.zuliukov.tasks.ConsoleAPI.inputLine(ConsoleAPI.java:148): time
2022-01-03 16:09:42,408 [main] INFO  ua.edu.sumdu.j2se.zuliukov.tasks.ConsoleAPI.changeTask(ConsoleAPI.java:181): Is repeated?(Y/N)
2022-01-03 16:09:52,147 [main] DEBUG ua.edu.sumdu.j2se.zuliukov.tasks.ConsoleAPI.inputLine(ConsoleAPI.java:148): cancel
2022-01-03 16:09:52,147 [main] WARN  ua.edu.sumdu.j2se.zuliukov.tasks.ConsoleAPI.changeTask(ConsoleAPI.java:194): Change was cancelled
2022-01-03 16:09:52,147 [main] INFO  ua.edu.sumdu.j2se.zuliukov.tasks.ConsoleAPI.editTasks(ConsoleAPI.java:77): Available options: view, create, change, delete
2022-01-03 16:09:55,018 [main] DEBUG ua.edu.sumdu.j2se.zuliukov.tasks.ConsoleAPI.inputLine(ConsoleAPI.java:148): home
2022-01-03 16:09:55,018 [main] INFO  ua.edu.sumdu.j2se.zuliukov.tasks.ConsoleAPI.editTasks(ConsoleAPI.java:98): Exiting to main menu
2022-01-03 16:09:55,018 [main] INFO  ua.edu.sumdu.j2se.zuliukov.tasks.ConsoleAPI.editTasks(ConsoleAPI.java:99): Type help to see available commands
2022-01-03 16:10:01,281 [main] DEBUG ua.edu.sumdu.j2se.zuliukov.tasks.ConsoleAPI.inputLine(ConsoleAPI.java:148): exit
2022-01-03 16:10:01,282 [main] INFO  ua.edu.sumdu.j2se.zuliukov.tasks.ConsoleAPI.writeBinary(ConsoleAPI.java:48): Tasks saved
